Отчёт о качестве кода
========================================

Период анализа: 2023-12-23 — 2025-04-16
Язык программирования: Python
Размер проекта: S
Общая оценка: 9/10

========================================
Проблемы линтера:
  • C:\Users\0\AppData\Local\Temp\tmp9ep2wrmd.py:104:43: E999 SyntaxError: invalid character 'В·' (U+00B7)

========================================
Антипаттерны:
  Нет данных

========================================
Положительные аспекты:
  • Хорошие тесты
  • Чистый код

========================================
Статистика изменений:
Добавлено строк: 0
Удалено строк: 0

========================================
Отчёт сформирован: 2025-04-17 19:58:19
